[INFO] Scanning for projects...
[INFO] 
[INFO] ----------------------< com.example:task-manager >----------------------
[INFO] Building task-manager 0.0.1-SNAPSHOT
[INFO]   from pom.xml
[INFO] --------------------------------[ jar ]---------------------------------
[INFO] 
[INFO] >>> spring-boot:3.2.3:run (default-cli) > test-compile @ task-manager >>>
[INFO] 
[INFO] --- resources:3.3.1:resources (default-resources) @ task-manager ---
[INFO] Copying 1 resource from src\main\resources to target\classes
[INFO] Copying 0 resource from src\main\resources to target\classes
[INFO] 
[INFO] --- compiler:3.11.0:compile (default-compile) @ task-manager ---
[INFO] Nothing to compile - all classes are up to date
[INFO] 
[INFO] --- resources:3.3.1:testResources (default-testResources) @ task-manager ---
[INFO] skip non existing resourceDirectory C:\Bidyut_Assesment\backend\src\test\resources
[INFO] 
[INFO] --- compiler:3.11.0:testCompile (default-testCompile) @ task-manager ---
[INFO] No sources to compile
[INFO] 
[INFO] <<< spring-boot:3.2.3:run (default-cli) < test-compile @ task-manager <<<
[INFO] 
[INFO] 
[INFO] --- spring-boot:3.2.3:run (default-cli) @ task-manager ---
[INFO] Attaching agents: []

  .   ____          _            __ _ _
 /\\ / ___'_ __ _ _(_)_ __  __ _ \ \ \ \
( ( )\___ | '_ | '_| | '_ \/ _` | \ \ \ \
 \\/  ___)| |_)| | | | | || (_| |  ) ) ) )
  '  |____| .__|_| |_|_| |_\__, | / / / /
 =========|_|==============|___/=/_/_/_/
 :: Spring Boot ::                (v3.2.3)

2026-03-20T15:30:41.552+05:30  INFO 23356 --- [           main] c.e.taskmanager.TaskManagerApplication   : Starting TaskManagerApplication using Java 17.0.10 with PID 23356 (C:\Bidyut_Assesment\backend\target\classes started by 91969 in C:\Bidyut_Assesment\backend)
2026-03-20T15:30:41.560+05:30  INFO 23356 --- [           main] c.e.taskmanager.TaskManagerApplication   : No active profile set, falling back to 1 default profile: "default"
2026-03-20T15:30:42.289+05:30  INFO 23356 --- [           main] .s.d.r.c.RepositoryConfigurationDelegate : Bootstrapping Spring Data JPA repositories in DEFAULT mode.
2026-03-20T15:30:42.337+05:30  INFO 23356 --- [           main] .s.d.r.c.RepositoryConfigurationDelegate : Finished Spring Data repository scanning in 44 ms. Found 1 JPA repository interface.
2026-03-20T15:30:42.965+05:30  INFO 23356 --- [           main] o.s.b.w.embedded.tomcat.TomcatWebServer  : Tomcat initialized with port 8080 (http)
2026-03-20T15:30:42.974+05:30  INFO 23356 --- [           main] o.apache.catalina.core.StandardService   : Starting service [Tomcat]
2026-03-20T15:30:42.974+05:30  INFO 23356 --- [           main] o.apache.catalina.core.StandardEngine    : Starting Servlet engine: [Apache Tomcat/10.1.19]
2026-03-20T15:30:43.058+05:30  INFO 23356 --- [           main] o.a.c.c.C.[Tomcat].[localhost].[/]       : Initializing Spring embedded WebApplicationContext
2026-03-20T15:30:43.058+05:30  INFO 23356 --- [           main] w.s.c.ServletWebServerApplicationContext : Root WebApplicationContext: initialization completed in 1455 ms
2026-03-20T15:30:43.319+05:30  INFO 23356 --- [           main] o.hibernate.jpa.internal.util.LogHelper  : HHH000204: Processing PersistenceUnitInfo [name: default]
2026-03-20T15:30:43.402+05:30  INFO 23356 --- [           main] org.hibernate.Version                    : HHH000412: Hibernate ORM core version 6.4.4.Final
2026-03-20T15:30:43.460+05:30  INFO 23356 --- [           main] o.h.c.internal.RegionFactoryInitiator    : HHH000026: Second-level cache disabled
2026-03-20T15:30:43.699+05:30  INFO 23356 --- [           main] o.s.o.j.p.SpringPersistenceUnitInfo      : No LoadTimeWeaver setup: ignoring JPA class transformer
2026-03-20T15:30:43.729+05:30  INFO 23356 --- [           main] com.zaxxer.hikari.HikariDataSource       : SpringBootHikariCP - Starting...
2026-03-20T15:30:43.962+05:30  INFO 23356 --- [           main] com.zaxxer.hikari.pool.HikariPool        : SpringBootHikariCP - Added connection com.mysql.cj.jdbc.ConnectionImpl@61b838f2
2026-03-20T15:30:43.965+05:30  INFO 23356 --- [           main] com.zaxxer.hikari.HikariDataSource       : SpringBootHikariCP - Start completed.
2026-03-20T15:30:44.015+05:30  WARN 23356 --- [           main] org.hibernate.orm.deprecation            : HHH90000025: MySQLDialect does not need to be specified explicitly using 'hibernate.dialect' (remove the property setting and it will be selected by default)
2026-03-20T15:30:44.841+05:30  INFO 23356 --- [           main] o.h.e.t.j.p.i.JtaPlatformInitiator       : HHH000489: No JTA platform available (set 'hibernate.transaction.jta.platform' to enable JTA platform integration)
2026-03-20T15:30:44.895+05:30  INFO 23356 --- [           main] j.LocalContainerEntityManagerFactoryBean : Initialized JPA EntityManagerFactory for persistence unit 'default'
2026-03-20T15:30:45.197+05:30  WARN 23356 --- [           main] JpaBaseConfiguration$JpaWebConfiguration : spring.jpa.open-in-view is enabled by default. Therefore, database queries may be performed during view rendering. Explicitly configure spring.jpa.open-in-view to disable this warning
2026-03-20T15:30:45.540+05:30  INFO 23356 --- [           main] o.s.b.w.embedded.tomcat.TomcatWebServer  : Tomcat started on port 8080 (http) with context path ''
2026-03-20T15:30:45.552+05:30  INFO 23356 --- [           main] c.e.taskmanager.TaskManagerApplication   : Started TaskManagerApplication in 4.432 seconds (process running for 4.887)
2026-03-20T15:32:51.299+05:30  INFO 23356 --- [nio-8080-exec-1] o.a.c.c.C.[Tomcat].[localhost].[/]       : Initializing Spring DispatcherServlet 'dispatcherServlet'
2026-03-20T15:32:51.301+05:30  INFO 23356 --- [nio-8080-exec-1] o.s.web.servlet.DispatcherServlet        : Initializing Servlet 'dispatcherServlet'
2026-03-20T15:32:51.303+05:30  INFO 23356 --- [nio-8080-exec-1] o.s.web.servlet.DispatcherServlet        : Completed initialization in 2 ms
Fetching all tasks
Hibernate: select t1_0.id,t1_0.created_at,t1_0.description,t1_0.status,t1_0.title from tasks t1_0 order by t1_0.id desc
Deleting task: 5
Hibernate: select t1_0.id,t1_0.created_at,t1_0.description,t1_0.status,t1_0.title from tasks t1_0 where t1_0.id=?
Hibernate: delete from tasks where id=?
Deleting task: 5
Hibernate: select t1_0.id,t1_0.created_at,t1_0.description,t1_0.status,t1_0.title from tasks t1_0 where t1_0.id=?
Creating task: Done
Hibernate: insert into tasks (created_at,description,status,title) values (?,?,?,?)
Toggling task: 2
Hibernate: select t1_0.id,t1_0.created_at,t1_0.description,t1_0.status,t1_0.title from tasks t1_0 where t1_0.id=?
Hibernate: update tasks set description=?,status=?,title=? where id=?
Toggling task: 2
Hibernate: select t1_0.id,t1_0.created_at,t1_0.description,t1_0.status,t1_0.title from tasks t1_0 where t1_0.id=?
Hibernate: update tasks set description=?,status=?,title=? where id=?
